编号:1,用户:0,抢购成功
编号:2,用户:9,抢购成功
编号:3,用户:21,抢购成功
编号:4,用户:4,抢购成功
编号:5,用户:7,抢购成功
编号:6,用户:14,抢购成功
用户:21,已经抢到，请不要重复抢购
编号:7,用户:11,抢购成功
编号:8,用户:30,抢购成功
编号:9,用户:15,抢购成功
编号:10,用户:16,抢购成功
编号:11,用户:23,已经售完
用户:24,已经售完
用户:16,已经抢到，请不要重复抢购
用户:5,已经售完
用户:26,已经售完
用户:19,已经售完
用户:22,已经售完
用户:10,已经售完
请不要重复抢购
用户:8,已经售完
用户:16,已经抢到，请不要重复抢购
用户:29,已经售完
用户:12,已经售完
用户:13,已经售完
用户:11,已经抢到，请不要重复抢购
用户:3,已经售完
请不要重复抢购
用户:4,已经抢到，请不要重复抢购
用户:17,已经售完
用户:20,已经售完
用户:28,已经售完
用户:7,已经抢到，请不要重复抢购
用户:17,已经售完
用户:29,已经售完
用户:6,已经售完
用户:2,已经售完
用户:23,已经抢到，请不要重复抢购
用户:21,已经抢到，请不要重复抢购
用户:18,已经售完
用户:20,已经售完
用户:8,已经售完
用户:7,已经抢到，请不要重复抢购
用户:0,已经抢到，请不要重复抢购
用户:9,已经抢到，请不要重复抢购
用户:19,已经售完
用户:17,已经售完
用户:5,已经售完
用户:26,已经售完
用户:0,已经抢到，请不要重复抢购
用户:4,已经抢到，请不要重复抢购
用户:14,已经抢到，请不要重复抢购
用户:26,已经售完
用户:6,已经售完
用户:13,已经售完
用户:2,已经售完
用户:27,已经售完
用户:25,已经售完
用户:28,已经售完
用户:14,已经抢到，请不要重复抢购
用户:8,已经售完
用户:29,已经售完
用户:3,已经售完
用户:9,已经抢到，请不要重复抢购
用户:4,已经抢到，请不要重复抢购
用户:26,已经售完
用户:0,已经抢到，请不要重复抢购
用户:22,已经售完
用户:21,已经抢到，请不要重复抢购
用户:8,已经售完
用户:12,已经售完
用户:27,已经售完
用户:18,已经售完
用户:21,已经抢到，请不要重复抢购
用户:21,已经抢到，请不要重复抢购
用户:3,已经售完
用户:16,已经抢到，请不要重复抢购
用户:25,已经售完
用户:3,已经售完
用户:29,已经售完
用户:20,已经售完
用户:26,已经售完
用户:14,已经抢到，请不要重复抢购
用户:23,已经抢到，请不要重复抢购
用户:2,已经售完
用户:23,已经抢到，请不要重复抢购
用户:9,已经抢到，请不要重复抢购
用户:1,已经售完
用户:4,已经抢到，请不要重复抢购
用户:1,已经售完
用户:15,已经抢到，请不要重复抢购
用户:6,已经售完
用户:8,已经售完
用户:9,已经抢到，请不要重复抢购
用户:13,已经售完
用户:21,已经抢到，请不要重复抢购
用户:5,已经售完
用户:25,已经售完
用户:13,已经售完
用户:6,已经售完
用户:23,已经抢到，请不要重复抢购
用户:7,已经抢到，请不要重复抢购
用户:9,已经抢到，请不要重复抢购
用户:14,已经抢到，请不要重复抢购
用户:11,已经抢到，请不要重复抢购
用户:23,已经抢到，请不要重复抢购
用户:19,已经售完
用户:7,已经抢到，请不要重复抢购
用户:10,已经售完
用户:24,已经售完
用户:19,已经售完
用户:8,已经售完
用户:24,已经售完
用户:18,已经售完
用户:23,已经抢到，请不要重复抢购
用户:14,已经抢到，请不要重复抢购
用户:8,已经售完
用户:12,已经售完
用户:20,已经售完
用户:21,已经抢到，请不要重复抢购
用户:10,已经售完
用户:16,已经抢到，请不要重复抢购
用户:4,已经抢到，请不要重复抢购

用户:26,已经售完
用户:25,已经售完
用户:28,已经售完
用户:15,已经抢到，请不要重复抢购
用户:2,已经售完
用户:24,已经售完
用户:5,已经售完
用户:25,已经售完
用户:7,已经抢到，请不要重复抢购
用户:26,已经售完
用户:0,已经抢到，请不要重复抢购
用户:6,已经售完
用户:7,已经抢到，请不要重复抢购
用户:29,已经售完
用户:22,已经售完
用户:24,已经售完
用户:9,已经抢到，请不要重复抢购
用户:21,已经抢到，请不要重复抢购
用户:1,已经售完
用户:24,已经售完
用户:2,已经售完
用户:8,已经售完
用户:20,已经售完
用户:30,已经抢到，请不要重复抢购
用户:25,已经售完
用户:0,已经抢到，请不要重复抢购
用户:9,已经抢到，请不要重复抢购
用户:23,已经抢到，请不要重复抢购
用户:10,已经售完
用户:14,已经抢到，请不要重复抢购
用户:19,已经售完
用户:26,已经售完
用户:13,已经售完
用户:17,已经售完
用户:20,已经售完
用户:1,已经售完
用户:6,已经售完
用户:0,已经抢到，请不要重复抢购
用户:9,已经抢到，请不要重复抢购
用户:2,已经售完
用户:27,已经售完
用户:13,已经售完
用户:27,已经售完
用户:12,已经售完
用户:6,已经售完
用户:30,已经抢到，请不要重复抢购
用户:20,已经售完
用户:17,已经售完
用户:30,已经抢到，请不要重复抢购
用户:30,已经抢到，请不要重复抢购
用户:20,已经售完
用户:12,已经售完
用户:7,已经抢到，请不要重复抢购
用户:1,已经售完
用户:22,已经售完
用户:5,已经售完
用户:20,已经售完
用户:28,已经售完
用户:22,已经售完
用户:12,已经售完
用户:0,已经抢到，请不要重复抢购
用户:29,已经售完
用户:12,已经售完
用户:24,已经售完
